{"date":"2014-06-29T14:23:12.646Z","method":"GET","url":"/","type":"reqlog","status":200,"response_time":13,"level":"info","message":"","timestamp":"2014-06-29T14:23:12.661Z"}
{"date":"2014-06-29T14:23:12.732Z","method":"GET","url":"/css/bootstrap.css","type":"reqlog","status":200,"response_time":14,"level":"info","message":"","timestamp":"2014-06-29T14:23:12.747Z"}
{"date":"2014-06-29T14:23:12.738Z","method":"GET","url":"/css/chart.css","type":"reqlog","status":200,"response_time":12,"level":"info","message":"","timestamp":"2014-06-29T14:23:12.750Z"}
{"date":"2014-06-29T14:23:12.740Z","method":"GET","url":"/css/monitor.css","type":"reqlog","status":200,"response_time":11,"level":"info","message":"","timestamp":"2014-06-29T14:23:12.751Z"}
{"date":"2014-06-29T14:23:12.741Z","method":"GET","url":"/css/jquery-ui.css","type":"reqlog","status":200,"response_time":10,"level":"info","message":"","timestamp":"2014-06-29T14:23:12.751Z"}
{"date":"2014-06-29T14:23:12.743Z","method":"GET","url":"/js/lib/angular-file-upload-shim.js","type":"reqlog","status":200,"response_time":11,"level":"info","message":"","timestamp":"2014-06-29T14:23:12.754Z"}
{"date":"2014-06-29T14:23:12.742Z","method":"GET","url":"/js/lib/d3.v3.js","type":"reqlog","status":200,"response_time":20,"level":"info","message":"","timestamp":"2014-06-29T14:23:12.762Z"}
{"date":"2014-06-29T14:23:12.753Z","method":"GET","url":"/js/lib/bootstrap.js","type":"reqlog","status":200,"response_time":10,"level":"info","message":"","timestamp":"2014-06-29T14:23:12.763Z"}
{"date":"2014-06-29T14:23:12.752Z","method":"GET","url":"/js/lib/jquery-ui-1.10.3.custom.js","type":"reqlog","status":200,"response_time":12,"level":"info","message":"","timestamp":"2014-06-29T14:23:12.764Z"}
{"date":"2014-06-29T14:23:12.755Z","method":"GET","url":"/js/lib/angular-route.js","type":"reqlog","status":200,"response_time":9,"level":"info","message":"","timestamp":"2014-06-29T14:23:12.764Z"}
{"date":"2014-06-29T14:23:12.749Z","method":"GET","url":"/js/lib/jquery-2.0.3.js","type":"reqlog","status":200,"response_time":16,"level":"info","message":"","timestamp":"2014-06-29T14:23:12.765Z"}
{"date":"2014-06-29T14:23:12.759Z","method":"GET","url":"/js/lib/angular-locale_de-at.js","type":"reqlog","status":200,"response_time":7,"level":"info","message":"","timestamp":"2014-06-29T14:23:12.766Z"}
{"date":"2014-06-29T14:23:12.754Z","method":"GET","url":"/js/lib/angular.js","type":"reqlog","status":200,"response_time":15,"level":"info","message":"","timestamp":"2014-06-29T14:23:12.769Z"}
{"date":"2014-06-29T14:23:12.800Z","method":"GET","url":"/js/monitor.js","type":"reqlog","status":200,"response_time":13,"level":"info","message":"","timestamp":"2014-06-29T14:23:12.813Z"}
{"date":"2014-06-29T14:23:12.801Z","method":"GET","url":"/js/controller/ctrl_kipa.js","type":"reqlog","status":200,"response_time":12,"level":"info","message":"","timestamp":"2014-06-29T14:23:12.814Z"}
{"date":"2014-06-29T14:23:12.804Z","method":"GET","url":"/js/controller/ctrl_patenschaften.js","type":"reqlog","status":200,"response_time":12,"level":"info","message":"","timestamp":"2014-06-29T14:23:12.816Z"}
{"date":"2014-06-29T14:23:12.805Z","method":"GET","url":"/js/controller/ctrl_sms.js","type":"reqlog","status":200,"response_time":12,"level":"info","message":"","timestamp":"2014-06-29T14:23:12.817Z"}
{"date":"2014-06-29T14:23:12.812Z","method":"GET","url":"/js/controller/ctrl_userprofile.js","type":"reqlog","status":200,"response_time":5,"level":"info","message":"","timestamp":"2014-06-29T14:23:12.817Z"}
{"date":"2014-06-29T14:23:12.814Z","method":"GET","url":"/js/controller/ctrl_admin.js","type":"reqlog","status":200,"response_time":4,"level":"info","message":"","timestamp":"2014-06-29T14:23:12.818Z"}
{"date":"2014-06-29T14:23:12.846Z","method":"GET","url":"/js/controller/ctrl_login.js","type":"reqlog","status":200,"response_time":3,"level":"info","message":"","timestamp":"2014-06-29T14:23:12.850Z"}
{"date":"2014-06-29T14:23:12.847Z","method":"GET","url":"/js/controller/ctrl_diary.js","type":"reqlog","status":200,"response_time":3,"level":"info","message":"","timestamp":"2014-06-29T14:23:12.850Z"}
{"date":"2014-06-29T14:23:12.855Z","method":"GET","url":"/js/controller/ctrl_shop.js","type":"reqlog","status":200,"response_time":4,"level":"info","message":"","timestamp":"2014-06-29T14:23:12.859Z"}
{"date":"2014-06-29T14:23:12.856Z","method":"GET","url":"/js/controller/ctrl_spenden.js","type":"reqlog","status":200,"response_time":8,"level":"info","message":"","timestamp":"2014-06-29T14:23:12.864Z"}
{"date":"2014-06-29T14:23:12.859Z","method":"GET","url":"/js/controller/ctrl_aufrunden.js","type":"reqlog","status":200,"response_time":6,"level":"info","message":"","timestamp":"2014-06-29T14:23:12.866Z"}
{"date":"2014-06-29T14:23:12.860Z","method":"GET","url":"/js/directives/directives_tabpane.js","type":"reqlog","status":200,"response_time":6,"level":"info","message":"","timestamp":"2014-06-29T14:23:12.866Z"}
{"date":"2014-06-29T14:23:12.889Z","method":"GET","url":"/js/lib/angular-file-upload.js","type":"reqlog","status":200,"response_time":4,"level":"info","message":"","timestamp":"2014-06-29T14:23:12.894Z"}
{"date":"2014-06-29T14:23:12.890Z","method":"GET","url":"/js/lib/ui-bootstrap-custom-tpls-0.9.0.min.js","type":"reqlog","status":200,"response_time":6,"level":"info","message":"","timestamp":"2014-06-29T14:23:12.897Z"}
{"date":"2014-06-29T14:23:12.899Z","method":"GET","url":"/js/lib/date.js","type":"reqlog","status":200,"response_time":1,"level":"info","message":"","timestamp":"2014-06-29T14:23:12.901Z"}
{"date":"2014-06-29T14:23:12.901Z","method":"GET","url":"/js/lib/etherpad.js","type":"reqlog","status":200,"response_time":1,"level":"info","message":"","timestamp":"2014-06-29T14:23:12.902Z"}
{"date":"2014-06-29T14:23:12.905Z","method":"GET","url":"/assets/ico/favicon.png","type":"reqlog","status":404,"response_time":3,"level":"info","message":"","timestamp":"2014-06-29T14:23:12.908Z"}
{"date":"2014-06-29T14:23:13.002Z","method":"GET","url":"/index.html","type":"reqlog","status":404,"response_time":2,"level":"info","message":"","timestamp":"2014-06-29T14:23:13.004Z"}
{"date":"2014-06-29T14:23:14.002Z","method":"GET","url":"/loggedin","type":"reqlog","status":200,"response_time":3,"level":"info","message":"","timestamp":"2014-06-29T14:23:14.005Z"}
{"date":"2014-06-29T14:23:14.003Z","method":"GET","url":"/partials/spenden.html","type":"reqlog","status":200,"response_time":4,"level":"info","message":"","timestamp":"2014-06-29T14:23:14.007Z"}
{"date":"2014-06-29T14:23:14.018Z","method":"GET","url":"/partials/login.html","type":"reqlog","status":200,"response_time":2,"level":"info","message":"","timestamp":"2014-06-29T14:23:14.020Z"}
{"date":"2014-06-29T14:23:17.762Z","method":"POST","url":"/login","type":"reqlog","status":200,"response_time":25,"level":"info","message":"","timestamp":"2014-06-29T14:23:17.787Z"}
{"date":"2014-06-29T14:23:17.830Z","method":"GET","url":"/loggedin","type":"reqlog","status":200,"response_time":8,"level":"info","message":"","timestamp":"2014-06-29T14:23:17.838Z"}
{"date":"2014-06-29T14:23:17.929Z","method":"GET","url":"/donations","type":"reqlog","status":404,"response_time":5,"level":"info","message":"","timestamp":"2014-06-29T14:23:17.935Z"}
{"date":"2014-06-29T14:23:21.818Z","method":"GET","url":"/loggedin","type":"reqlog","status":304,"response_time":9,"level":"info","message":"","timestamp":"2014-06-29T14:23:21.827Z"}
{"date":"2014-06-29T14:23:21.820Z","method":"GET","url":"/partials/kipa.html","type":"reqlog","status":200,"response_time":13,"level":"info","message":"","timestamp":"2014-06-29T14:23:21.833Z"}
{"date":"2014-06-29T14:23:21.922Z","method":"GET","url":"/kipa","type":"reqlog","status":404,"response_time":9,"level":"info","message":"","timestamp":"2014-06-29T14:23:21.932Z"}
{"date":"2014-06-29T14:23:21.923Z","method":"GET","url":"/kipadiary","type":"reqlog","status":404,"response_time":10,"level":"info","message":"","timestamp":"2014-06-29T14:23:21.933Z"}
{"date":"2014-06-29T14:23:21.920Z","method":"GET","url":"/img/csv-icon.png","type":"reqlog","status":200,"response_time":15,"level":"info","message":"","timestamp":"2014-06-29T14:23:21.935Z"}
{"date":"2014-06-29T14:25:14.783Z","method":"GET","url":"/","type":"reqlog","status":200,"response_time":7,"level":"info","message":"","timestamp":"2014-06-29T14:25:14.790Z"}
{"date":"2014-06-29T14:25:14.855Z","method":"GET","url":"/css/bootstrap.css","type":"reqlog","status":304,"response_time":19,"level":"info","message":"","timestamp":"2014-06-29T14:25:14.874Z"}
{"date":"2014-06-29T14:25:14.857Z","method":"GET","url":"/css/chart.css","type":"reqlog","status":304,"response_time":19,"level":"info","message":"","timestamp":"2014-06-29T14:25:14.876Z"}
{"date":"2014-06-29T14:25:14.859Z","method":"GET","url":"/css/monitor.css","type":"reqlog","status":304,"response_time":18,"level":"info","message":"","timestamp":"2014-06-29T14:25:14.877Z"}
{"date":"2014-06-29T14:25:14.861Z","method":"GET","url":"/css/jquery-ui.css","type":"reqlog","status":304,"response_time":18,"level":"info","message":"","timestamp":"2014-06-29T14:25:14.880Z"}
{"date":"2014-06-29T14:25:14.863Z","method":"GET","url":"/js/lib/d3.v3.js","type":"reqlog","status":304,"response_time":17,"level":"info","message":"","timestamp":"2014-06-29T14:25:14.880Z"}
{"date":"2014-06-29T14:25:14.865Z","method":"GET","url":"/js/lib/angular-file-upload-shim.js","type":"reqlog","status":304,"response_time":24,"level":"info","message":"","timestamp":"2014-06-29T14:25:14.889Z"}
{"date":"2014-06-29T14:25:14.881Z","method":"GET","url":"/js/lib/jquery-2.0.3.js","type":"reqlog","status":304,"response_time":20,"level":"info","message":"","timestamp":"2014-06-29T14:25:14.901Z"}
{"date":"2014-06-29T14:25:14.883Z","method":"GET","url":"/js/lib/jquery-ui-1.10.3.custom.js","type":"reqlog","status":304,"response_time":19,"level":"info","message":"","timestamp":"2014-06-29T14:25:14.902Z"}
{"date":"2014-06-29T14:25:14.884Z","method":"GET","url":"/js/lib/bootstrap.js","type":"reqlog","status":304,"response_time":19,"level":"info","message":"","timestamp":"2014-06-29T14:25:14.903Z"}
{"date":"2014-06-29T14:25:14.886Z","method":"GET","url":"/js/lib/angular.js","type":"reqlog","status":304,"response_time":21,"level":"info","message":"","timestamp":"2014-06-29T14:25:14.908Z"}
{"date":"2014-06-29T14:25:14.887Z","method":"GET","url":"/js/lib/angular-route.js","type":"reqlog","status":304,"response_time":26,"level":"info","message":"","timestamp":"2014-06-29T14:25:14.913Z"}
{"date":"2014-06-29T14:25:14.894Z","method":"GET","url":"/js/lib/angular-locale_de-at.js","type":"reqlog","status":304,"response_time":26,"level":"info","message":"","timestamp":"2014-06-29T14:25:14.920Z"}
{"date":"2014-06-29T14:25:14.910Z","method":"GET","url":"/js/controller/ctrl_userprofile.js","type":"reqlog","status":304,"response_time":17,"level":"info","message":"","timestamp":"2014-06-29T14:25:14.927Z"}
{"date":"2014-06-29T14:25:14.914Z","method":"GET","url":"/js/controller/ctrl_admin.js","type":"reqlog","status":304,"response_time":15,"level":"info","message":"","timestamp":"2014-06-29T14:25:14.930Z"}
{"date":"2014-06-29T14:25:14.908Z","method":"GET","url":"/js/pm.js","type":"reqlog","status":200,"response_time":24,"level":"info","message":"","timestamp":"2014-06-29T14:25:14.933Z"}
{"date":"2014-06-29T14:25:14.911Z","method":"GET","url":"/js/controller/ctrl_projekte.js","type":"reqlog","status":200,"response_time":22,"level":"info","message":"","timestamp":"2014-06-29T14:25:14.933Z"}
{"date":"2014-06-29T14:25:14.915Z","method":"GET","url":"/js/controller/ctrl_login.js","type":"reqlog","status":304,"response_time":20,"level":"info","message":"","timestamp":"2014-06-29T14:25:14.935Z"}
{"date":"2014-06-29T14:25:14.975Z","method":"GET","url":"/js/lib/angular-file-upload.js","type":"reqlog","status":304,"response_time":24,"level":"info","message":"","timestamp":"2014-06-29T14:25:14.999Z"}
{"date":"2014-06-29T14:25:14.976Z","method":"GET","url":"/js/lib/ui-bootstrap-custom-tpls-0.9.0.min.js","type":"reqlog","status":304,"response_time":24,"level":"info","message":"","timestamp":"2014-06-29T14:25:15.001Z"}
{"date":"2014-06-29T14:25:14.978Z","method":"GET","url":"/js/lib/date.js","type":"reqlog","status":304,"response_time":23,"level":"info","message":"","timestamp":"2014-06-29T14:25:15.002Z"}
{"date":"2014-06-29T14:25:14.979Z","method":"GET","url":"/js/lib/etherpad.js","type":"reqlog","status":304,"response_time":24,"level":"info","message":"","timestamp":"2014-06-29T14:25:15.003Z"}
{"date":"2014-06-29T14:25:14.974Z","method":"GET","url":"/js/directives/directives_tabpane.js","type":"reqlog","status":304,"response_time":34,"level":"info","message":"","timestamp":"2014-06-29T14:25:15.008Z"}
{"date":"2014-06-29T14:25:14.972Z","method":"GET","url":"/js/controller/ctrl_calendar.js","type":"reqlog","status":200,"response_time":37,"level":"info","message":"","timestamp":"2014-06-29T14:25:15.010Z"}
{"date":"2014-06-29T14:25:15.121Z","method":"GET","url":"/loggedin","type":"reqlog","status":304,"response_time":13,"level":"info","message":"","timestamp":"2014-06-29T14:25:15.135Z"}
{"date":"2014-06-29T14:25:15.125Z","method":"GET","url":"/partials/kipa.html","type":"reqlog","status":304,"response_time":13,"level":"info","message":"","timestamp":"2014-06-29T14:25:15.138Z"}
{"date":"2014-06-29T14:25:15.127Z","method":"GET","url":"/favicon.ico","type":"reqlog","status":404,"response_time":13,"level":"info","message":"","timestamp":"2014-06-29T14:25:15.140Z"}
{"date":"2014-06-29T14:25:15.203Z","method":"GET","url":"/img/csv-icon.png","type":"reqlog","status":304,"response_time":6,"level":"info","message":"","timestamp":"2014-06-29T14:25:15.210Z"}
{"date":"2014-06-29T14:25:15.215Z","method":"GET","url":"/favicon.ico","type":"reqlog","status":404,"response_time":4,"level":"info","message":"","timestamp":"2014-06-29T14:25:15.220Z"}
{"date":"2014-06-29T14:25:18.171Z","method":"GET","url":"/loggedin","type":"reqlog","status":304,"response_time":13,"level":"info","message":"","timestamp":"2014-06-29T14:25:18.184Z"}
{"date":"2014-06-29T14:25:18.174Z","method":"GET","url":"/partials/calendar.html","type":"reqlog","status":200,"response_time":13,"level":"info","message":"","timestamp":"2014-06-29T14:25:18.187Z"}
{"date":"2014-06-29T14:25:18.288Z","method":"GET","url":"/loggedin","type":"reqlog","status":304,"response_time":6,"level":"info","message":"","timestamp":"2014-06-29T14:25:18.295Z"}
{"date":"2014-06-29T14:25:18.296Z","method":"GET","url":"/css/monitor.css","type":"reqlog","status":304,"response_time":9,"level":"info","message":"","timestamp":"2014-06-29T14:25:18.306Z"}
{"date":"2014-06-29T14:25:22.577Z","method":"GET","url":"/loggedin","type":"reqlog","status":304,"response_time":10,"level":"info","message":"","timestamp":"2014-06-29T14:25:22.587Z"}
{"date":"2014-06-29T14:25:22.590Z","method":"GET","url":"/partials/projekte.html","type":"reqlog","status":200,"response_time":9,"level":"info","message":"","timestamp":"2014-06-29T14:25:22.600Z"}
{"date":"2014-06-29T14:25:22.770Z","method":"GET","url":"/fonts/glyphicons-halflings-regular.woff","type":"reqlog","status":200,"response_time":14,"level":"info","message":"","timestamp":"2014-06-29T14:25:22.784Z"}
{"date":"2014-06-29T14:25:22.767Z","method":"GET","url":"/projects","type":"reqlog","status":500,"response_time":28,"level":"info","message":"","timestamp":"2014-06-29T14:25:22.796Z"}
{"date":"2014-06-29T14:26:28.311Z","method":"GET","url":"/loggedin","type":"reqlog","status":304,"response_time":9,"level":"info","message":"","timestamp":"2014-06-29T14:26:28.321Z"}
{"date":"2014-06-29T14:26:29.302Z","method":"GET","url":"/loggedin","type":"reqlog","status":304,"response_time":11,"level":"info","message":"","timestamp":"2014-06-29T14:26:29.313Z"}
{"date":"2014-06-29T14:26:29.305Z","method":"GET","url":"/partials/aufrunden.html","type":"reqlog","status":200,"response_time":12,"level":"info","message":"","timestamp":"2014-06-29T14:26:29.317Z"}
{"date":"2014-06-29T14:26:29.418Z","method":"GET","url":"/%7B%7Bhandelsfirma.img%7D%7D","type":"reqlog","status":404,"response_time":7,"level":"info","message":"","timestamp":"2014-06-29T14:26:29.425Z"}
{"date":"2014-06-29T14:26:30.298Z","method":"GET","url":"/loggedin","type":"reqlog","status":304,"response_time":6,"level":"info","message":"","timestamp":"2014-06-29T14:26:30.305Z"}
{"date":"2014-06-29T14:26:30.396Z","method":"GET","url":"/projects","type":"reqlog","status":500,"response_time":14,"level":"info","message":"","timestamp":"2014-06-29T14:26:30.410Z"}
{"date":"2014-06-29T14:27:52.217Z","method":"GET","url":"/","type":"reqlog","status":200,"response_time":9,"level":"info","message":"","timestamp":"2014-06-29T14:27:52.226Z"}
{"date":"2014-06-29T14:27:52.332Z","method":"GET","url":"/css/bootstrap.css","type":"reqlog","status":304,"response_time":43,"level":"info","message":"","timestamp":"2014-06-29T14:27:52.375Z"}
{"date":"2014-06-29T14:27:52.335Z","method":"GET","url":"/css/chart.css","type":"reqlog","status":304,"response_time":42,"level":"info","message":"","timestamp":"2014-06-29T14:27:52.377Z"}
{"date":"2014-06-29T14:27:52.338Z","method":"GET","url":"/css/monitor.css","type":"reqlog","status":304,"response_time":44,"level":"info","message":"","timestamp":"2014-06-29T14:27:52.383Z"}
{"date":"2014-06-29T14:27:52.340Z","method":"GET","url":"/css/jquery-ui.css","type":"reqlog","status":304,"response_time":44,"level":"info","message":"","timestamp":"2014-06-29T14:27:52.385Z"}
{"date":"2014-06-29T14:27:52.342Z","method":"GET","url":"/js/lib/d3.v3.js","type":"reqlog","status":304,"response_time":51,"level":"info","message":"","timestamp":"2014-06-29T14:27:52.393Z"}
{"date":"2014-06-29T14:27:52.343Z","method":"GET","url":"/js/lib/angular-file-upload-shim.js","type":"reqlog","status":304,"response_time":57,"level":"info","message":"","timestamp":"2014-06-29T14:27:52.400Z"}
{"date":"2014-06-29T14:27:52.388Z","method":"GET","url":"/js/lib/jquery-2.0.3.js","type":"reqlog","status":304,"response_time":29,"level":"info","message":"","timestamp":"2014-06-29T14:27:52.418Z"}
{"date":"2014-06-29T14:27:52.390Z","method":"GET","url":"/js/lib/jquery-ui-1.10.3.custom.js","type":"reqlog","status":304,"response_time":28,"level":"info","message":"","timestamp":"2014-06-29T14:27:52.419Z"}
{"date":"2014-06-29T14:27:52.396Z","method":"GET","url":"/js/lib/bootstrap.js","type":"reqlog","status":304,"response_time":33,"level":"info","message":"","timestamp":"2014-06-29T14:27:52.429Z"}
{"date":"2014-06-29T14:27:52.401Z","method":"GET","url":"/js/lib/angular-route.js","type":"reqlog","status":304,"response_time":35,"level":"info","message":"","timestamp":"2014-06-29T14:27:52.437Z"}
{"date":"2014-06-29T14:27:52.407Z","method":"GET","url":"/js/lib/angular-locale_de-at.js","type":"reqlog","status":304,"response_time":31,"level":"info","message":"","timestamp":"2014-06-29T14:27:52.438Z"}
{"date":"2014-06-29T14:27:52.397Z","method":"GET","url":"/js/lib/angular.js","type":"reqlog","status":304,"response_time":42,"level":"info","message":"","timestamp":"2014-06-29T14:27:52.439Z"}
{"date":"2014-06-29T14:27:52.424Z","method":"GET","url":"/js/pm.js","type":"reqlog","status":304,"response_time":36,"level":"info","message":"","timestamp":"2014-06-29T14:27:52.460Z"}
{"date":"2014-06-29T14:27:52.426Z","method":"GET","url":"/js/controller/ctrl_userprofile.js","type":"reqlog","status":304,"response_time":37,"level":"info","message":"","timestamp":"2014-06-29T14:27:52.463Z"}
{"date":"2014-06-29T14:27:52.440Z","method":"GET","url":"/js/controller/ctrl_projekte.js","type":"reqlog","status":304,"response_time":24,"level":"info","message":"","timestamp":"2014-06-29T14:27:52.465Z"}
{"date":"2014-06-29T14:27:52.454Z","method":"GET","url":"/js/controller/ctrl_admin.js","type":"reqlog","status":304,"response_time":12,"level":"info","message":"","timestamp":"2014-06-29T14:27:52.466Z"}
{"date":"2014-06-29T14:27:52.456Z","method":"GET","url":"/js/controller/ctrl_login.js","type":"reqlog","status":304,"response_time":10,"level":"info","message":"","timestamp":"2014-06-29T14:27:52.467Z"}
{"date":"2014-06-29T14:27:52.467Z","method":"GET","url":"/js/controller/ctrl_calendar.js","type":"reqlog","status":304,"response_time":14,"level":"info","message":"","timestamp":"2014-06-29T14:27:52.481Z"}
{"date":"2014-06-29T14:27:52.468Z","method":"GET","url":"/js/directives/directives_tabpane.js","type":"reqlog","status":304,"response_time":14,"level":"info","message":"","timestamp":"2014-06-29T14:27:52.482Z"}
{"date":"2014-06-29T14:27:52.469Z","method":"GET","url":"/js/lib/angular-file-upload.js","type":"reqlog","status":304,"response_time":13,"level":"info","message":"","timestamp":"2014-06-29T14:27:52.482Z"}
{"date":"2014-06-29T14:27:52.471Z","method":"GET","url":"/js/lib/date.js","type":"reqlog","status":304,"response_time":14,"level":"info","message":"","timestamp":"2014-06-29T14:27:52.486Z"}
{"date":"2014-06-29T14:27:52.470Z","method":"GET","url":"/js/lib/ui-bootstrap-custom-tpls-0.9.0.min.js","type":"reqlog","status":304,"response_time":16,"level":"info","message":"","timestamp":"2014-06-29T14:27:52.487Z"}
{"date":"2014-06-29T14:27:52.472Z","method":"GET","url":"/js/lib/etherpad.js","type":"reqlog","status":304,"response_time":16,"level":"info","message":"","timestamp":"2014-06-29T14:27:52.488Z"}
{"date":"2014-06-29T14:27:52.902Z","method":"GET","url":"/loggedin","type":"reqlog","status":304,"response_time":7,"level":"info","message":"","timestamp":"2014-06-29T14:27:52.909Z"}
{"date":"2014-06-29T14:27:52.904Z","method":"GET","url":"/partials/projekte.html","type":"reqlog","status":304,"response_time":7,"level":"info","message":"","timestamp":"2014-06-29T14:27:52.911Z"}
{"date":"2014-06-29T14:27:53.198Z","method":"GET","url":"/loggedin","type":"reqlog","status":304,"response_time":7,"level":"info","message":"","timestamp":"2014-06-29T14:27:53.205Z"}
{"date":"2014-06-29T14:27:53.199Z","method":"GET","url":"/projects","type":"reqlog","status":500,"response_time":13,"level":"info","message":"","timestamp":"2014-06-29T14:27:53.213Z"}
{"date":"2014-06-29T14:31:29.128Z","method":"GET","url":"/","type":"reqlog","status":200,"response_time":11,"level":"info","message":"","timestamp":"2014-06-29T14:31:29.139Z"}
{"date":"2014-06-29T14:31:29.296Z","method":"GET","url":"/css/bootstrap.css","type":"reqlog","status":200,"response_time":20,"level":"info","message":"","timestamp":"2014-06-29T14:31:29.316Z"}
{"date":"2014-06-29T14:31:29.298Z","method":"GET","url":"/css/chart.css","type":"reqlog","status":200,"response_time":20,"level":"info","message":"","timestamp":"2014-06-29T14:31:29.318Z"}
{"date":"2014-06-29T14:31:29.300Z","method":"GET","url":"/css/monitor.css","type":"reqlog","status":200,"response_time":25,"level":"info","message":"","timestamp":"2014-06-29T14:31:29.325Z"}
{"date":"2014-06-29T14:31:29.303Z","method":"GET","url":"/css/jquery-ui.css","type":"reqlog","status":200,"response_time":26,"level":"info","message":"","timestamp":"2014-06-29T14:31:29.329Z"}
{"date":"2014-06-29T14:31:29.305Z","method":"GET","url":"/js/lib/angular-file-upload-shim.js","type":"reqlog","status":200,"response_time":28,"level":"info","message":"","timestamp":"2014-06-29T14:31:29.333Z"}
{"date":"2014-06-29T14:31:29.304Z","method":"GET","url":"/js/lib/d3.v3.js","type":"reqlog","status":200,"response_time":41,"level":"info","message":"","timestamp":"2014-06-29T14:31:29.345Z"}
{"date":"2014-06-29T14:31:29.317Z","method":"GET","url":"/js/lib/jquery-2.0.3.js","type":"reqlog","status":200,"response_time":34,"level":"info","message":"","timestamp":"2014-06-29T14:31:29.351Z"}
{"date":"2014-06-29T14:31:29.326Z","method":"GET","url":"/js/lib/bootstrap.js","type":"reqlog","status":200,"response_time":26,"level":"info","message":"","timestamp":"2014-06-29T14:31:29.353Z"}
{"date":"2014-06-29T14:31:29.321Z","method":"GET","url":"/js/lib/jquery-ui-1.10.3.custom.js","type":"reqlog","status":200,"response_time":35,"level":"info","message":"","timestamp":"2014-06-29T14:31:29.356Z"}
{"date":"2014-06-29T14:31:29.336Z","method":"GET","url":"/js/lib/angular-route.js","type":"reqlog","status":200,"response_time":23,"level":"info","message":"","timestamp":"2014-06-29T14:31:29.359Z"}
{"date":"2014-06-29T14:31:29.348Z","method":"GET","url":"/js/lib/angular-locale_de-at.js","type":"reqlog","status":200,"response_time":13,"level":"info","message":"","timestamp":"2014-06-29T14:31:29.362Z"}
{"date":"2014-06-29T14:31:29.332Z","method":"GET","url":"/js/lib/angular.js","type":"reqlog","status":200,"response_time":31,"level":"info","message":"","timestamp":"2014-06-29T14:31:29.363Z"}
{"date":"2014-06-29T14:31:29.385Z","method":"GET","url":"/js/pm.js","type":"reqlog","status":200,"response_time":5,"level":"info","message":"","timestamp":"2014-06-29T14:31:29.390Z"}
{"date":"2014-06-29T14:31:29.392Z","method":"GET","url":"/js/controller/ctrl_userprofile.js","type":"reqlog","status":200,"response_time":12,"level":"info","message":"","timestamp":"2014-06-29T14:31:29.404Z"}
{"date":"2014-06-29T14:31:29.395Z","method":"GET","url":"/js/controller/ctrl_projekte.js","type":"reqlog","status":200,"response_time":9,"level":"info","message":"","timestamp":"2014-06-29T14:31:29.404Z"}
{"date":"2014-06-29T14:31:29.399Z","method":"GET","url":"/js/controller/ctrl_admin.js","type":"reqlog","status":200,"response_time":22,"level":"info","message":"","timestamp":"2014-06-29T14:31:29.422Z"}
{"date":"2014-06-29T14:31:29.401Z","method":"GET","url":"/js/controller/ctrl_login.js","type":"reqlog","status":200,"response_time":25,"level":"info","message":"","timestamp":"2014-06-29T14:31:29.426Z"}
{"date":"2014-06-29T14:31:29.409Z","method":"GET","url":"/js/controller/ctrl_calendar.js","type":"reqlog","status":200,"response_time":28,"level":"info","message":"","timestamp":"2014-06-29T14:31:29.438Z"}
{"date":"2014-06-29T14:31:29.430Z","method":"GET","url":"/js/directives/directives_tabpane.js","type":"reqlog","status":200,"response_time":18,"level":"info","message":"","timestamp":"2014-06-29T14:31:29.449Z"}
{"date":"2014-06-29T14:31:29.443Z","method":"GET","url":"/js/lib/angular-file-upload.js","type":"reqlog","status":200,"response_time":7,"level":"info","message":"","timestamp":"2014-06-29T14:31:29.450Z"}
{"date":"2014-06-29T14:31:29.445Z","method":"GET","url":"/js/lib/ui-bootstrap-custom-tpls-0.9.0.min.js","type":"reqlog","status":200,"response_time":7,"level":"info","message":"","timestamp":"2014-06-29T14:31:29.452Z"}
{"date":"2014-06-29T14:31:29.460Z","method":"GET","url":"/js/lib/date.js","type":"reqlog","status":200,"response_time":5,"level":"info","message":"","timestamp":"2014-06-29T14:31:29.465Z"}
{"date":"2014-06-29T14:31:29.465Z","method":"GET","url":"/js/lib/etherpad.js","type":"reqlog","status":200,"response_time":4,"level":"info","message":"","timestamp":"2014-06-29T14:31:29.469Z"}
{"date":"2014-06-29T14:31:29.749Z","method":"GET","url":"/loggedin","type":"reqlog","status":200,"response_time":7,"level":"info","message":"","timestamp":"2014-06-29T14:31:29.756Z"}
{"date":"2014-06-29T14:31:29.750Z","method":"GET","url":"/partials/projekte.html","type":"reqlog","status":200,"response_time":8,"level":"info","message":"","timestamp":"2014-06-29T14:31:29.758Z"}
{"date":"2014-06-29T14:31:29.902Z","method":"GET","url":"/loggedin","type":"reqlog","status":304,"response_time":8,"level":"info","message":"","timestamp":"2014-06-29T14:31:29.911Z"}
{"date":"2014-06-29T14:31:29.904Z","method":"GET","url":"/fonts/glyphicons-halflings-regular.woff","type":"reqlog","status":304,"response_time":14,"level":"info","message":"","timestamp":"2014-06-29T14:31:29.918Z"}
{"date":"2014-06-29T14:31:29.903Z","method":"GET","url":"/projects","type":"reqlog","status":500,"response_time":20,"level":"info","message":"","timestamp":"2014-06-29T14:31:29.923Z"}
{"date":"2014-06-29T14:33:04.887Z","method":"GET","url":"/","type":"reqlog","status":304,"response_time":13,"level":"info","message":"","timestamp":"2014-06-29T14:33:04.902Z"}
{"date":"2014-06-29T14:33:05.005Z","method":"GET","url":"/css/bootstrap.css","type":"reqlog","status":304,"response_time":5,"level":"info","message":"","timestamp":"2014-06-29T14:33:05.011Z"}
{"date":"2014-06-29T14:33:05.011Z","method":"GET","url":"/js/lib/jquery-2.0.3.js","type":"reqlog","status":304,"response_time":7,"level":"info","message":"","timestamp":"2014-06-29T14:33:05.018Z"}
{"date":"2014-06-29T14:33:05.013Z","method":"GET","url":"/css/chart.css","type":"reqlog","status":304,"response_time":6,"level":"info","message":"","timestamp":"2014-06-29T14:33:05.019Z"}
{"date":"2014-06-29T14:33:05.014Z","method":"GET","url":"/css/monitor.css","type":"reqlog","status":304,"response_time":5,"level":"info","message":"","timestamp":"2014-06-29T14:33:05.019Z"}
{"date":"2014-06-29T14:33:05.015Z","method":"GET","url":"/css/jquery-ui.css","type":"reqlog","status":304,"response_time":5,"level":"info","message":"","timestamp":"2014-06-29T14:33:05.020Z"}
{"date":"2014-06-29T14:33:05.016Z","method":"GET","url":"/js/lib/d3.v3.js","type":"reqlog","status":304,"response_time":6,"level":"info","message":"","timestamp":"2014-06-29T14:33:05.022Z"}
{"date":"2014-06-29T14:33:05.016Z","method":"GET","url":"/js/lib/angular-file-upload-shim.js","type":"reqlog","status":304,"response_time":7,"level":"info","message":"","timestamp":"2014-06-29T14:33:05.023Z"}
{"date":"2014-06-29T14:33:05.024Z","method":"GET","url":"/js/lib/jquery-ui-1.10.3.custom.js","type":"reqlog","status":304,"response_time":3,"level":"info","message":"","timestamp":"2014-06-29T14:33:05.027Z"}
{"date":"2014-06-29T14:33:05.024Z","method":"GET","url":"/js/lib/bootstrap.js","type":"reqlog","status":304,"response_time":4,"level":"info","message":"","timestamp":"2014-06-29T14:33:05.028Z"}
{"date":"2014-06-29T14:33:05.024Z","method":"GET","url":"/js/lib/angular.js","type":"reqlog","status":304,"response_time":4,"level":"info","message":"","timestamp":"2014-06-29T14:33:05.028Z"}
{"date":"2014-06-29T14:33:05.025Z","method":"GET","url":"/js/lib/angular-route.js","type":"reqlog","status":304,"response_time":4,"level":"info","message":"","timestamp":"2014-06-29T14:33:05.029Z"}
{"date":"2014-06-29T14:33:05.026Z","method":"GET","url":"/js/lib/angular-locale_de-at.js","type":"reqlog","status":304,"response_time":3,"level":"info","message":"","timestamp":"2014-06-29T14:33:05.030Z"}
{"date":"2014-06-29T14:33:05.026Z","method":"GET","url":"/js/pm.js","type":"reqlog","status":304,"response_time":4,"level":"info","message":"","timestamp":"2014-06-29T14:33:05.030Z"}
{"date":"2014-06-29T14:33:05.031Z","method":"GET","url":"/js/controller/ctrl_userprofile.js","type":"reqlog","status":304,"response_time":3,"level":"info","message":"","timestamp":"2014-06-29T14:33:05.034Z"}
{"date":"2014-06-29T14:33:05.031Z","method":"GET","url":"/js/controller/ctrl_projekte.js","type":"reqlog","status":304,"response_time":4,"level":"info","message":"","timestamp":"2014-06-29T14:33:05.035Z"}
{"date":"2014-06-29T14:33:05.032Z","method":"GET","url":"/js/controller/ctrl_admin.js","type":"reqlog","status":304,"response_time":4,"level":"info","message":"","timestamp":"2014-06-29T14:33:05.036Z"}
{"date":"2014-06-29T14:33:05.032Z","method":"GET","url":"/js/controller/ctrl_login.js","type":"reqlog","status":304,"response_time":4,"level":"info","message":"","timestamp":"2014-06-29T14:33:05.037Z"}
{"date":"2014-06-29T14:33:05.033Z","method":"GET","url":"/js/controller/ctrl_calendar.js","type":"reqlog","status":304,"response_time":5,"level":"info","message":"","timestamp":"2014-06-29T14:33:05.038Z"}
{"date":"2014-06-29T14:33:05.034Z","method":"GET","url":"/js/directives/directives_tabpane.js","type":"reqlog","status":304,"response_time":5,"level":"info","message":"","timestamp":"2014-06-29T14:33:05.039Z"}
{"date":"2014-06-29T14:33:05.040Z","method":"GET","url":"/js/lib/angular-file-upload.js","type":"reqlog","status":304,"response_time":8,"level":"info","message":"","timestamp":"2014-06-29T14:33:05.048Z"}
{"date":"2014-06-29T14:33:05.041Z","method":"GET","url":"/js/lib/ui-bootstrap-custom-tpls-0.9.0.min.js","type":"reqlog","status":304,"response_time":8,"level":"info","message":"","timestamp":"2014-06-29T14:33:05.049Z"}
{"date":"2014-06-29T14:33:05.042Z","method":"GET","url":"/js/lib/date.js","type":"reqlog","status":304,"response_time":7,"level":"info","message":"","timestamp":"2014-06-29T14:33:05.049Z"}
{"date":"2014-06-29T14:33:05.046Z","method":"GET","url":"/js/lib/etherpad.js","type":"reqlog","status":304,"response_time":4,"level":"info","message":"","timestamp":"2014-06-29T14:33:05.050Z"}
{"date":"2014-06-29T14:33:05.448Z","method":"GET","url":"/loggedin","type":"reqlog","status":200,"response_time":5,"level":"info","message":"","timestamp":"2014-06-29T14:33:05.453Z"}
{"date":"2014-06-29T14:33:05.449Z","method":"GET","url":"/partials/projekte.html","type":"reqlog","status":304,"response_time":6,"level":"info","message":"","timestamp":"2014-06-29T14:33:05.455Z"}
{"date":"2014-06-29T14:33:05.481Z","method":"GET","url":"/partials/login.html","type":"reqlog","status":304,"response_time":2,"level":"info","message":"","timestamp":"2014-06-29T14:33:05.483Z"}
{"date":"2014-06-29T14:33:15.184Z","method":"POST","url":"/login","type":"reqlog","status":200,"response_time":19,"level":"info","message":"","timestamp":"2014-06-29T14:33:15.203Z"}
{"date":"2014-06-29T14:33:15.245Z","method":"GET","url":"/loggedin","type":"reqlog","status":200,"response_time":13,"level":"info","message":"","timestamp":"2014-06-29T14:33:15.259Z"}
{"date":"2014-06-29T14:33:15.250Z","method":"GET","url":"/partials/spenden.html","type":"reqlog","status":404,"response_time":10,"level":"info","message":"","timestamp":"2014-06-29T14:33:15.260Z"}
{"date":"2014-06-29T14:33:21.150Z","method":"GET","url":"/loggedin","type":"reqlog","status":304,"response_time":4,"level":"info","message":"","timestamp":"2014-06-29T14:33:21.154Z"}
{"date":"2014-06-29T14:33:21.279Z","method":"GET","url":"/projects","type":"reqlog","status":500,"response_time":35,"level":"info","message":"","timestamp":"2014-06-29T14:33:21.314Z"}
{"date":"2014-06-29T14:35:54.298Z","method":"GET","url":"/","type":"reqlog","status":304,"response_time":6,"level":"info","message":"","timestamp":"2014-06-29T14:35:54.304Z"}
{"date":"2014-06-29T14:35:54.410Z","method":"GET","url":"/css/bootstrap.css","type":"reqlog","status":304,"response_time":19,"level":"info","message":"","timestamp":"2014-06-29T14:35:54.429Z"}
{"date":"2014-06-29T14:35:54.413Z","method":"GET","url":"/css/monitor.css","type":"reqlog","status":304,"response_time":22,"level":"info","message":"","timestamp":"2014-06-29T14:35:54.435Z"}
{"date":"2014-06-29T14:35:54.414Z","method":"GET","url":"/css/jquery-ui.css","type":"reqlog","status":304,"response_time":21,"level":"info","message":"","timestamp":"2014-06-29T14:35:54.436Z"}
{"date":"2014-06-29T14:35:54.415Z","method":"GET","url":"/js/lib/d3.v3.js","type":"reqlog","status":304,"response_time":22,"level":"info","message":"","timestamp":"2014-06-29T14:35:54.437Z"}
{"date":"2014-06-29T14:35:54.412Z","method":"GET","url":"/css/chart.css","type":"reqlog","status":304,"response_time":25,"level":"info","message":"","timestamp":"2014-06-29T14:35:54.438Z"}
{"date":"2014-06-29T14:35:54.419Z","method":"GET","url":"/js/lib/angular-file-upload-shim.js","type":"reqlog","status":304,"response_time":27,"level":"info","message":"","timestamp":"2014-06-29T14:35:54.446Z"}
{"date":"2014-06-29T14:35:54.439Z","method":"GET","url":"/js/lib/jquery-2.0.3.js","type":"reqlog","status":304,"response_time":20,"level":"info","message":"","timestamp":"2014-06-29T14:35:54.460Z"}
{"date":"2014-06-29T14:35:54.442Z","method":"GET","url":"/js/lib/bootstrap.js","type":"reqlog","status":304,"response_time":34,"level":"info","message":"","timestamp":"2014-06-29T14:35:54.477Z"}
{"date":"2014-06-29T14:35:54.444Z","method":"GET","url":"/js/lib/angular-route.js","type":"reqlog","status":304,"response_time":33,"level":"info","message":"","timestamp":"2014-06-29T14:35:54.477Z"}
{"date":"2014-06-29T14:35:54.448Z","method":"GET","url":"/js/lib/angular-locale_de-at.js","type":"reqlog","status":304,"response_time":34,"level":"info","message":"","timestamp":"2014-06-29T14:35:54.482Z"}
{"date":"2014-06-29T14:35:54.441Z","method":"GET","url":"/js/lib/jquery-ui-1.10.3.custom.js","type":"reqlog","status":304,"response_time":42,"level":"info","message":"","timestamp":"2014-06-29T14:35:54.483Z"}
{"date":"2014-06-29T14:35:54.443Z","method":"GET","url":"/js/lib/angular.js","type":"reqlog","status":304,"response_time":47,"level":"info","message":"","timestamp":"2014-06-29T14:35:54.490Z"}
{"date":"2014-06-29T14:35:54.466Z","method":"GET","url":"/js/pm.js","type":"reqlog","status":304,"response_time":36,"level":"info","message":"","timestamp":"2014-06-29T14:35:54.503Z"}
{"date":"2014-06-29T14:35:54.485Z","method":"GET","url":"/js/controller/ctrl_userprofile.js","type":"reqlog","status":304,"response_time":27,"level":"info","message":"","timestamp":"2014-06-29T14:35:54.512Z"}
{"date":"2014-06-29T14:35:54.487Z","method":"GET","url":"/js/controller/ctrl_projekte.js","type":"reqlog","status":304,"response_time":26,"level":"info","message":"","timestamp":"2014-06-29T14:35:54.513Z"}
{"date":"2014-06-29T14:35:54.492Z","method":"GET","url":"/js/controller/ctrl_admin.js","type":"reqlog","status":304,"response_time":26,"level":"info","message":"","timestamp":"2014-06-29T14:35:54.518Z"}
{"date":"2014-06-29T14:35:54.494Z","method":"GET","url":"/js/controller/ctrl_login.js","type":"reqlog","status":304,"response_time":25,"level":"info","message":"","timestamp":"2014-06-29T14:35:54.520Z"}
{"date":"2014-06-29T14:35:54.497Z","method":"GET","url":"/js/controller/ctrl_calendar.js","type":"reqlog","status":304,"response_time":33,"level":"info","message":"","timestamp":"2014-06-29T14:35:54.531Z"}
{"date":"2014-06-29T14:35:54.510Z","method":"GET","url":"/js/directives/directives_tabpane.js","type":"reqlog","status":304,"response_time":30,"level":"info","message":"","timestamp":"2014-06-29T14:35:54.540Z"}
{"date":"2014-06-29T14:35:54.520Z","method":"GET","url":"/js/lib/angular-file-upload.js","type":"reqlog","status":304,"response_time":23,"level":"info","message":"","timestamp":"2014-06-29T14:35:54.543Z"}
{"date":"2014-06-29T14:35:54.528Z","method":"GET","url":"/js/lib/date.js","type":"reqlog","status":304,"response_time":17,"level":"info","message":"","timestamp":"2014-06-29T14:35:54.545Z"}
{"date":"2014-06-29T14:35:54.529Z","method":"GET","url":"/js/lib/etherpad.js","type":"reqlog","status":304,"response_time":17,"level":"info","message":"","timestamp":"2014-06-29T14:35:54.546Z"}
{"date":"2014-06-29T14:35:54.522Z","method":"GET","url":"/js/lib/ui-bootstrap-custom-tpls-0.9.0.min.js","type":"reqlog","status":304,"response_time":26,"level":"info","message":"","timestamp":"2014-06-29T14:35:54.548Z"}
{"date":"2014-06-29T14:35:54.930Z","method":"GET","url":"/loggedin","type":"reqlog","status":304,"response_time":8,"level":"info","message":"","timestamp":"2014-06-29T14:35:54.939Z"}
{"date":"2014-06-29T14:35:54.932Z","method":"GET","url":"/partials/projekte.html","type":"reqlog","status":304,"response_time":9,"level":"info","message":"","timestamp":"2014-06-29T14:35:54.941Z"}
{"date":"2014-06-29T14:35:55.086Z","method":"GET","url":"/loggedin","type":"reqlog","status":304,"response_time":14,"level":"info","message":"","timestamp":"2014-06-29T14:35:55.100Z"}
{"date":"2014-06-29T14:35:55.088Z","method":"GET","url":"/projects","type":"reqlog","status":200,"response_time":87,"level":"info","message":"","timestamp":"2014-06-29T14:35:55.175Z"}
{"date":"2014-06-29T14:36:54.817Z","method":"PUT","url":"/task/status","type":"reqlog","status":200,"response_time":10,"level":"info","message":"","timestamp":"2014-06-29T14:36:54.828Z"}
{"date":"2014-06-29T14:36:55.557Z","method":"PUT","url":"/task/status","type":"reqlog","status":200,"response_time":9,"level":"info","message":"","timestamp":"2014-06-29T14:36:55.566Z"}
{"date":"2014-06-29T14:36:56.415Z","method":"PUT","url":"/task/status","type":"reqlog","status":200,"response_time":9,"level":"info","message":"","timestamp":"2014-06-29T14:36:56.424Z"}
{"date":"2014-06-29T14:36:56.875Z","method":"PUT","url":"/task/status","type":"reqlog","status":200,"response_time":8,"level":"info","message":"","timestamp":"2014-06-29T14:36:56.883Z"}
{"date":"2014-06-29T14:37:00.786Z","method":"GET","url":"/css/images/ui-bg_flat_75_ffffff_40x100.png","type":"reqlog","status":404,"response_time":22,"level":"info","message":"","timestamp":"2014-06-29T14:37:00.808Z"}
{"date":"2014-06-29T14:37:00.788Z","method":"GET","url":"/css/images/ui-bg_highlight-soft_75_cccccc_1x100.png","type":"reqlog","status":404,"response_time":21,"level":"info","message":"","timestamp":"2014-06-29T14:37:00.810Z"}
{"date":"2014-06-29T14:37:00.792Z","method":"GET","url":"/css/images/ui-bg_glass_75_e6e6e6_1x400.png","type":"reqlog","status":404,"response_time":19,"level":"info","message":"","timestamp":"2014-06-29T14:37:00.811Z"}
{"date":"2014-06-29T14:37:00.794Z","method":"GET","url":"/css/images/ui-bg_glass_55_fbf9ee_1x400.png","type":"reqlog","status":404,"response_time":23,"level":"info","message":"","timestamp":"2014-06-29T14:37:00.817Z"}
{"date":"2014-06-29T14:37:00.791Z","method":"GET","url":"/css/images/ui-icons_222222_256x240.png","type":"reqlog","status":200,"response_time":29,"level":"info","message":"","timestamp":"2014-06-29T14:37:00.820Z"}
{"date":"2014-06-29T14:37:03.344Z","method":"GET","url":"/css/images/ui-bg_glass_75_dadada_1x400.png","type":"reqlog","status":404,"response_time":3,"level":"info","message":"","timestamp":"2014-06-29T14:37:03.348Z"}
